<?xml version="1.0" encoding="UTF-8"?>
<!-- Generated by org.testng.reporters.JUnitReportReporter -->
<testsuite hostname="Sajid" name="org.pack.rechargeitnowTest.WorkFlowTest" tests="1" failures="0" timestamp="2 Dec 2015 17:05:11 GMT" time="31.452" errors="0">
  <testcase name="mobileRechargeTest" time="31.452" classname="org.pack.rechargeitnowTest.WorkFlowTest"/>
</testsuite> <!-- org.pack.rechargeitnowTest.WorkFlowTest -->
